<?xml version="1.0" encoding="UTF-8"?>
<!-- Generated by org.testng.reporters.JUnitReportReporter -->
<testsuite skipped="0" hostname="krish" name="filhn.f3" tests="1" failures="0" timestamp="2023-04-03T11:33:40 IST" time="0.667" errors="0">
  <testcase name="rq" time="0.667" classname="filhn.f3"/>
  <system-out/>
</testsuite> <!-- filhn.f3 -->
