<?xml version="1.0" encoding="UTF-8"?>
<!-- Generated by org.testng.reporters.JUnitReportReporter -->
<testsuite skipped="0" hostname="krish" name="pack2.c4" tests="1" failures="0" timestamp="2023-03-30T11:47:41 IST" time="9.137" errors="0">
  <testcase name="t4" time="9.137" classname="pack2.c4"/>
  <system-out/>
</testsuite> <!-- pack2.c4 -->
