<?xml version="1.0" encoding="UTF-8"?>
<!-- Generated by org.testng.reporters.JUnitReportReporter -->
<testsuite skipped="0" hostname="krish" name="filhn.c2" tests="1" failures="0" timestamp="2023-04-03T11:17:18 IST" time="8.330" errors="0">
  <testcase name="t1" time="8.330" classname="filhn.c2"/>
  <system-out/>
</testsuite> <!-- filhn.c2 -->
